<?xml version="1.0" encoding="UTF-8"?>
<testng-results skipped="0" failed="0" total="1" passed="1">
  <reporter-output>
  </reporter-output>
  <suite name="Default suite" duration-ms="16180" started-at="2020-08-27T09:28:40Z" finished-at="2020-08-27T09:28:56Z">
    <groups>
    </groups>
    <test name="Default test" duration-ms="16180" started-at="2020-08-27T09:28:40Z" finished-at="2020-08-27T09:28:56Z">
      <class name="com.BlazeDemo.qa.testcases.BlazeDemo">
        <test-method status="PASS" signature="stepUp()[pri:0, instance:com.BlazeDemo.qa.testcases.BlazeDemo@105fece7]" name="stepUp" is-config="true" duration-ms="10326" started-at="2020-08-27T14:58:40Z" finished-at="2020-08-27T14:58:50Z">
          <reporter-output>
          </reporter-output>
        </test-method> <!-- stepUp -->
        <test-method status="PASS" signature="verifyBlazeDemo_FlightReservation()[pri:0, instance:com.BlazeDemo.qa.testcases.BlazeDemo@105fece7]" name="verifyBlazeDemo_FlightReservation" duration-ms="5101" started-at="2020-08-27T14:58:50Z" finished-at="2020-08-27T14:58:56Z">
          <reporter-output>
          </reporter-output>
        </test-method> <!-- verifyBlazeDemo_FlightReservation -->
        <test-method status="PASS" signature="tearDown()[pri:0, instance:com.BlazeDemo.qa.testcases.BlazeDemo@105fece7]" name="tearDown" is-config="true" duration-ms="719" started-at="2020-08-27T14:58:56Z" finished-at="2020-08-27T14:58:56Z">
          <reporter-output>
          </reporter-output>
        </test-method> <!-- tearDown -->
      </class> <!-- com.BlazeDemo.qa.testcases.BlazeDemo -->
    </test> <!-- Default test -->
  </suite> <!-- Default suite -->
</testng-results>
