<?xml version="1.0" encoding="UTF-8"?>
<testng-results skipped="0" failed="0" ignored="0" total="1" passed="1">
  <reporter-output>
  </reporter-output>
  <suite name="Default suite" duration-ms="3379" started-at="2018-05-24T17:01:43Z" finished-at="2018-05-24T17:01:47Z">
    <groups>
    </groups>
    <test name="Default test" duration-ms="3379" started-at="2018-05-24T17:01:43Z" finished-at="2018-05-24T17:01:47Z">
      <class name="com.rest.test.Rest_Post">
        <test-method status="PASS" signature="PostRegistration()[pri:0, instance:com.rest.test.Rest_Post@4520ebad]" name="PostRegistration" duration-ms="3336" started-at="2018-05-24T22:31:43Z" finished-at="2018-05-24T22:31:47Z">
          <reporter-output>
          </reporter-output>
        </test-method> <!-- PostRegistration -->
      </class> <!-- com.rest.test.Rest_Post -->
    </test> <!-- Default test -->
  </suite> <!-- Default suite -->
</testng-results>
